::1 - - [09/Mar/2025:05:50:38 +0000] "POST /api/v1/users/register HTTP/1.1" 401 26 "-" "PostmanRuntime/7.43.0"
::1 - - [09/Mar/2025:05:50:54 +0000] "POST /api/v1/users/register HTTP/1.1" 401 26 "-" "PostmanRuntime/7.43.0"
::1 - - [09/Mar/2025:05:53:57 +0000] "POST /api/v1/users/register HTTP/1.1" 401 26 "-" "PostmanRuntime/7.43.0"
::1 - - [09/Mar/2025:05:58:30 +0000] "POST /api/v1/users/register HTTP/1.1" 400 91 "-" "PostmanRuntime/7.43.0"
::1 - - [09/Mar/2025:05:58:50 +0000] "POST /api/v1/users/register HTTP/1.1" 400 91 "-" "PostmanRuntime/7.43.0"
::1 - - [09/Mar/2025:05:58:52 +0000] "POST /api/v1/users/register HTTP/1.1" 400 91 "-" "PostmanRuntime/7.43.0"
::1 - - [09/Mar/2025:06:02:14 +0000] "POST /api/v1/users/register HTTP/1.1" 400 91 "-" "PostmanRuntime/7.43.0"
::1 - - [09/Mar/2025:06:03:29 +0000] "POST /api/v1/users/register HTTP/1.1" 400 77 "-" "PostmanRuntime/7.43.0"
::1 - - [09/Mar/2025:06:03:41 +0000] "POST /api/v1/users/register HTTP/1.1" 400 121 "-" "PostmanRuntime/7.43.0"
::1 - - [09/Mar/2025:06:03:51 +0000] "POST /api/v1/users/register HTTP/1.1" 400 132 "-" "PostmanRuntime/7.43.0"
::1 - - [09/Mar/2025:06:05:02 +0000] "POST /api/v1/users/register HTTP/1.1" 401 52 "-" "PostmanRuntime/7.43.0"
::1 - - [03/Apr/2025:05:24:58 +0000] "POST /api/v1/users/sendotp HTTP/1.1" 200 62 "-" "PostmanRuntime/7.43.3"
::1 - - [03/Apr/2025:05:27:48 +0000] "POST /api/v1/users/sendotp HTTP/1.1" 200 62 "-" "PostmanRuntime/7.43.3"
::1 - - [03/Apr/2025:05:38:16 +0000] "POST /api/v1/users/sendotp HTTP/1.1" 200 62 "-" "PostmanRuntime/7.43.3"
::1 - - [03/Apr/2025:05:39:26 +0000] "POST /api/v1/users/sendotp HTTP/1.1" 200 62 "-" "PostmanRuntime/7.43.3"
::1 - - [03/Apr/2025:05:39:55 +0000] "POST /api/v1/users/login HTTP/1.1" 400 97 "-" "PostmanRuntime/7.43.3"
::1 - - [03/Apr/2025:05:47:35 +0000] "POST /api/v1/users/login HTTP/1.1" 200 777 "-" "PostmanRuntime/7.43.3"
::1 - - [03/Apr/2025:05:52:16 +0000] "POST /api/v1/users/login HTTP/1.1" 200 777 "-" "PostmanRuntime/7.43.3"
::1 - - [03/Apr/2025:05:52:39 +0000] "POST /api/v1/users/login HTTP/1.1" 401 52 "-" "PostmanRuntime/7.43.3"
::1 - - [03/Apr/2025:05:52:49 +0000] "POST /api/v1/users/login HTTP/1.1" 200 777 "-" "PostmanRuntime/7.43.3"
::1 - - [03/Apr/2025:05:55:00 +0000] "POST /api/v1/users/login HTTP/1.1" 200 777 "-" "PostmanRuntime/7.43.3"
::1 - - [03/Apr/2025:06:01:16 +0000] "POST /api/v1/users/login HTTP/1.1" 401 52 "-" "PostmanRuntime/7.43.3"
::1 - - [03/Apr/2025:06:02:47 +0000] "POST /api/v1/users/login HTTP/1.1" 401 52 "-" "PostmanRuntime/7.43.3"
::1 - - [03/Apr/2025:06:02:52 +0000] "POST /api/v1/users/sendotp HTTP/1.1" 200 62 "-" "PostmanRuntime/7.43.3"
::1 - - [03/Apr/2025:06:03:05 +0000] "POST /api/v1/users/login HTTP/1.1" 401 52 "-" "PostmanRuntime/7.43.3"
::1 - - [03/Apr/2025:06:03:23 +0000] "POST /api/v1/users/login HTTP/1.1" 401 52 "-" "PostmanRuntime/7.43.3"
::1 - - [03/Apr/2025:06:03:48 +0000] "POST /api/v1/users/login HTTP/1.1" 401 52 "-" "PostmanRuntime/7.43.3"
::1 - - [03/Apr/2025:06:04:22 +0000] "POST /api/v1/users/sendotp HTTP/1.1" 200 62 "-" "PostmanRuntime/7.43.3"
::1 - - [03/Apr/2025:06:05:17 +0000] "POST /api/v1/users/sendotp HTTP/1.1" 200 62 "-" "PostmanRuntime/7.43.3"
::1 - - [03/Apr/2025:06:06:17 +0000] "POST /api/v1/users/sendotp HTTP/1.1" 200 62 "-" "PostmanRuntime/7.43.3"
::1 - - [03/Apr/2025:06:06:50 +0000] "POST /api/v1/users/login HTTP/1.1" 401 52 "-" "PostmanRuntime/7.43.3"
::1 - - [03/Apr/2025:06:07:48 +0000] "POST /api/v1/users/login HTTP/1.1" 400 154 "-" "PostmanRuntime/7.43.3"
::1 - - [03/Apr/2025:06:08:19 +0000] "POST /api/v1/users/login HTTP/1.1" 400 154 "-" "PostmanRuntime/7.43.3"
::1 - - [03/Apr/2025:06:08:26 +0000] "POST /api/v1/users/login HTTP/1.1" 401 52 "-" "PostmanRuntime/7.43.3"
::1 - - [03/Apr/2025:06:10:03 +0000] "POST /api/v1/users/sendotp HTTP/1.1" 200 62 "-" "PostmanRuntime/7.43.3"
::1 - - [03/Apr/2025:06:10:29 +0000] "POST /api/v1/users/login HTTP/1.1" 401 52 "-" "PostmanRuntime/7.43.3"
::1 - - [03/Apr/2025:06:10:43 +0000] "POST /api/v1/users/sendotp HTTP/1.1" 200 62 "-" "PostmanRuntime/7.43.3"
::1 - - [03/Apr/2025:06:10:58 +0000] "POST /api/v1/users/login HTTP/1.1" 401 52 "-" "PostmanRuntime/7.43.3"
::1 - - [03/Apr/2025:06:11:26 +0000] "POST /api/v1/users/login HTTP/1.1" 200 777 "-" "PostmanRuntime/7.43.3"
::1 - - [03/Apr/2025:06:11:49 +0000] "POST /api/v1/users/login HTTP/1.1" 401 52 "-" "PostmanRuntime/7.43.3"
::1 - - [03/Apr/2025:06:11:52 +0000] "POST /api/v1/users/login HTTP/1.1" 401 52 "-" "PostmanRuntime/7.43.3"
::1 - - [03/Apr/2025:06:12:25 +0000] "POST /api/v1/users/login HTTP/1.1" 401 52 "-" "PostmanRuntime/7.43.3"
::1 - - [03/Apr/2025:06:12:39 +0000] "POST /api/v1/users/login HTTP/1.1" 401 52 "-" "PostmanRuntime/7.43.3"
::1 - - [03/Apr/2025:06:12:45 +0000] "POST /api/v1/users/login HTTP/1.1" 401 52 "-" "PostmanRuntime/7.43.3"
::1 - - [03/Apr/2025:06:12:48 +0000] "POST /api/v1/users/sendotp HTTP/1.1" 200 62 "-" "PostmanRuntime/7.43.3"
::1 - - [03/Apr/2025:06:12:54 +0000] "POST /api/v1/users/login HTTP/1.1" 200 777 "-" "PostmanRuntime/7.43.3"
::1 - - [03/Apr/2025:06:13:16 +0000] "POST /api/v1/users/login HTTP/1.1" 401 52 "-" "PostmanRuntime/7.43.3"
::1 - - [03/Apr/2025:06:13:22 +0000] "POST /api/v1/users/sendotp HTTP/1.1" 200 62 "-" "PostmanRuntime/7.43.3"
::1 - - [03/Apr/2025:06:13:32 +0000] "POST /api/v1/users/login HTTP/1.1" 200 777 "-" "PostmanRuntime/7.43.3"
::1 - - [03/Apr/2025:06:13:34 +0000] "POST /api/v1/users/login HTTP/1.1" 401 52 "-" "PostmanRuntime/7.43.3"
::1 - - [03/Apr/2025:06:15:30 +0000] "POST /api/v1/users/sendotp HTTP/1.1" 200 62 "-" "PostmanRuntime/7.43.3"
::1 - - [03/Apr/2025:06:15:50 +0000] "POST /api/v1/users/login HTTP/1.1" 400 132 "-" "PostmanRuntime/7.43.3"
::1 - - [03/Apr/2025:06:16:24 +0000] "POST /api/v1/users/sendotp HTTP/1.1" 200 62 "-" "PostmanRuntime/7.43.3"
::1 - - [03/Apr/2025:06:16:31 +0000] "POST /api/v1/users/login HTTP/1.1" 400 72 "-" "PostmanRuntime/7.43.3"
::1 - - [03/Apr/2025:10:16:47 +0000] "POST /api/v1/users/sendotp HTTP/1.1" 200 62 "-" "PostmanRuntime/7.43.3"
::1 - - [03/Apr/2025:10:17:33 +0000] "POST /api/v1/users/sendotp HTTP/1.1" 200 62 "-" "PostmanRuntime/7.43.3"
::1 - - [03/Apr/2025:10:17:41 +0000] "POST /api/v1/users/sendotp HTTP/1.1" 200 62 "-" "PostmanRuntime/7.43.3"
::1 - - [03/Apr/2025:10:17:43 +0000] "POST /api/v1/users/sendotp HTTP/1.1" 200 62 "-" "PostmanRuntime/7.43.3"
::1 - - [03/Apr/2025:10:18:07 +0000] "POST /api/v1/users/login HTTP/1.1" 401 52 "-" "PostmanRuntime/7.43.3"
::1 - - [03/Apr/2025:10:19:06 +0000] "POST /api/v1/users/login HTTP/1.1" 401 52 "-" "PostmanRuntime/7.43.3"
::1 - - [03/Apr/2025:10:19:14 +0000] "POST /api/v1/users/sendotp HTTP/1.1" 200 62 "-" "PostmanRuntime/7.43.3"
::1 - - [03/Apr/2025:10:19:24 +0000] "POST /api/v1/users/login HTTP/1.1" 400 77 "-" "PostmanRuntime/7.43.3"
::1 - - [03/Apr/2025:10:20:26 +0000] "POST /api/v1/users/login HTTP/1.1" 401 52 "-" "PostmanRuntime/7.43.3"
::1 - - [03/Apr/2025:10:20:30 +0000] "POST /api/v1/users/sendotp HTTP/1.1" 200 62 "-" "PostmanRuntime/7.43.3"
::1 - - [03/Apr/2025:15:37:20 +0000] "POST /api/v1/users/sendotp HTTP/1.1" 200 62 "-" "PostmanRuntime/7.43.3"
::1 - - [03/Apr/2025:15:44:11 +0000] "POST /api/v1/users/sendotp HTTP/1.1" 200 62 "-" "PostmanRuntime/7.43.3"
::1 - - [03/Apr/2025:15:44:42 +0000] "POST /api/v1/users/login HTTP/1.1" 400 77 "-" "PostmanRuntime/7.43.3"
::1 - - [03/Apr/2025:15:45:38 +0000] "POST /api/v1/users/sendotp HTTP/1.1" 200 62 "-" "PostmanRuntime/7.43.3"
::1 - - [03/Apr/2025:15:45:48 +0000] "POST /api/v1/users/login HTTP/1.1" 200 777 "-" "PostmanRuntime/7.43.3"
::1 - - [03/Apr/2025:16:21:15 +0000] "POST /api/v1/users/sendotp HTTP/1.1" 200 80 "-" "PostmanRuntime/7.43.3"
::1 - - [05/Apr/2025:14:53:09 +0000] "POST /api/v1/users/sendotp HTTP/1.1" 500 59 "-" "PostmanRuntime/7.43.3"
::1 - - [05/Apr/2025:14:53:46 +0000] "POST /api/v1/users/sendotp HTTP/1.1" 500 59 "-" "PostmanRuntime/7.43.3"
::1 - - [05/Apr/2025:14:54:20 +0000] "POST /api/v1/users/sendotp HTTP/1.1" 500 59 "-" "PostmanRuntime/7.43.3"
::1 - - [05/Apr/2025:14:54:42 +0000] "POST /api/v1/users/sendotp HTTP/1.1" 500 59 "-" "PostmanRuntime/7.43.3"
::1 - - [05/Apr/2025:14:56:38 +0000] "POST /api/v1/users/sendotp HTTP/1.1" 500 59 "-" "PostmanRuntime/7.43.3"
::1 - - [05/Apr/2025:14:58:14 +0000] "POST /api/v1/users/sendotp HTTP/1.1" 400 59 "-" "PostmanRuntime/7.43.3"
::1 - - [05/Apr/2025:14:58:52 +0000] "POST /api/v1/users/sendotp HTTP/1.1" 401 80 "-" "PostmanRuntime/7.43.3"
::1 - - [05/Apr/2025:14:59:40 +0000] "POST /api/v1/users/sendotp HTTP/1.1" 401 80 "-" "PostmanRuntime/7.43.3"
::1 - - [05/Apr/2025:15:12:35 +0000] "POST /api/v1/users/sendotp HTTP/1.1" 201 80 "-" "PostmanRuntime/7.43.3"
::1 - - [05/Apr/2025:20:02:45 +0000] "POST /api/v1/users/sendotp HTTP/1.1" 201 80 "-" "PostmanRuntime/7.43.3"
::1 - - [05/Apr/2025:20:03:11 +0000] "POST /api/v1/users/login HTTP/1.1" 400 110 "-" "PostmanRuntime/7.43.3"
::1 - - [05/Apr/2025:20:03:20 +0000] "POST /api/v1/users/login HTTP/1.1" 200 795 "-" "PostmanRuntime/7.43.3"
::1 - - [05/Apr/2025:20:05:58 +0000] "POST /api/v1/users/sendotp HTTP/1.1" 201 80 "-" "PostmanRuntime/7.43.3"
::1 - - [05/Apr/2025:20:14:32 +0000] "GET /api/v1/users/logout HTTP/1.1" 200 63 "-" "PostmanRuntime/7.43.3"
::1 - - [05/Apr/2025:20:14:47 +0000] "GET /api/v1/users/logout HTTP/1.1" 401 26 "-" "PostmanRuntime/7.43.3"
::1 - - [05/Apr/2025:20:14:49 +0000] "GET /api/v1/users/logout HTTP/1.1" 401 26 "-" "PostmanRuntime/7.43.3"
::1 - - [05/Apr/2025:20:31:25 +0000] "POST /api/v1/users/sendotp HTTP/1.1" 201 80 "-" "PostmanRuntime/7.43.3"
::1 - - [05/Apr/2025:20:42:46 +0000] "POST /api/v1/users/sendotp HTTP/1.1" 201 80 "-" "PostmanRuntime/7.43.3"
::1 - - [05/Apr/2025:20:43:05 +0000] "POST /api/v1/users/sendotp HTTP/1.1" 201 80 "-" "PostmanRuntime/7.43.3"
::1 - - [09/Apr/2025:19:43:43 +0000] "POST /api/v1/users/sendotp HTTP/1.1" 201 80 "-" "PostmanRuntime/7.43.3"
::1 - - [09/Apr/2025:19:44:00 +0000] "POST /api/v1/users/login HTTP/1.1" 200 592 "-" "PostmanRuntime/7.43.3"
::1 - - [12/Apr/2025:17:07:25 +0000] "GET /api/v1/rating/:userId HTTP/1.1" 401 26 "-" "PostmanRuntime/7.43.3"
::1 - - [12/Apr/2025:17:08:01 +0000] "POST /api/v1/users/sendotp HTTP/1.1" 201 80 "-" "PostmanRuntime/7.43.3"
::1 - - [12/Apr/2025:17:08:11 +0000] "POST /api/v1/users/login HTTP/1.1" 200 575 "-" "PostmanRuntime/7.43.3"
::1 - - [12/Apr/2025:17:08:56 +0000] "GET /api/v1/rating/67f4f6d8c6226fa8ed0817ef HTTP/1.1" 404 57 "-" "PostmanRuntime/7.43.3"
::1 - - [12/Apr/2025:17:12:19 +0000] "POST /api/v1/rating/ HTTP/1.1" 404 58 "-" "PostmanRuntime/7.43.3"
::1 - - [12/Apr/2025:17:12:58 +0000] "POST /api/v1/rating/ HTTP/1.1" 500 101 "-" "PostmanRuntime/7.43.3"
::1 - - [12/Apr/2025:17:14:30 +0000] "POST /api/v1/rating/ HTTP/1.1" 500 101 "-" "PostmanRuntime/7.43.3"
::1 - - [12/Apr/2025:17:14:49 +0000] "POST /api/v1/rating/ HTTP/1.1" 500 101 "-" "PostmanRuntime/7.43.3"
::1 - - [12/Apr/2025:17:16:12 +0000] "POST /api/v1/rating/ HTTP/1.1" 500 101 "-" "PostmanRuntime/7.43.3"
::1 - - [12/Apr/2025:17:16:52 +0000] "POST /api/v1/rating/ HTTP/1.1" 500 101 "-" "PostmanRuntime/7.43.3"
::1 - - [12/Apr/2025:17:17:09 +0000] "POST /api/v1/rating/ HTTP/1.1" 200 69 "-" "PostmanRuntime/7.43.3"
::1 - - [12/Apr/2025:17:17:37 +0000] "GET /api/v1/rating/67f4f6d8c6226fa8ed0817ef HTTP/1.1" 200 265 "-" "PostmanRuntime/7.43.3"
::1 - - [12/Apr/2025:17:25:55 +0000] "PATCH /api/v1/localmate/toggle-availability HTTP/1.1" 404 60 "-" "PostmanRuntime/7.43.3"
::1 - - [12/Apr/2025:17:26:24 +0000] "PATCH /api/v1/localmate/toggle-availability HTTP/1.1" 200 76 "-" "PostmanRuntime/7.43.3"
::1 - - [12/Apr/2025:17:26:30 +0000] "PATCH /api/v1/localmate/toggle-availability HTTP/1.1" 200 76 "-" "PostmanRuntime/7.43.3"
::1 - - [12/Apr/2025:17:27:17 +0000] "PATCH /api/v1/localmate/toggle-availability HTTP/1.1" 200 76 "-" "PostmanRuntime/7.43.3"
::1 - - [12/Apr/2025:17:28:16 +0000] "PATCH /api/v1/localmate/toggle-availability HTTP/1.1" 200 76 "-" "PostmanRuntime/7.43.3"
::1 - - [12/Apr/2025:17:28:25 +0000] "PATCH /api/v1/localmate/toggle-availability HTTP/1.1" 200 76 "-" "PostmanRuntime/7.43.3"
::1 - - [12/Apr/2025:17:29:13 +0000] "PATCH /api/v1/localmate/toggle-availability HTTP/1.1" 200 76 "-" "PostmanRuntime/7.43.3"
::1 - - [12/Apr/2025:17:29:59 +0000] "PATCH /api/v1/localmate/toggle-availability HTTP/1.1" 200 76 "-" "PostmanRuntime/7.43.3"
::1 - - [12/Apr/2025:17:30:18 +0000] "PATCH /api/v1/localmate/toggle-availability HTTP/1.1" 200 76 "-" "PostmanRuntime/7.43.3"
::1 - - [12/Apr/2025:17:32:03 +0000] "PATCH /api/v1/localmate/toggle-availability HTTP/1.1" 200 76 "-" "PostmanRuntime/7.43.3"
::1 - - [12/Apr/2025:17:32:22 +0000] "PATCH /api/v1/localmate/toggle-availability HTTP/1.1" 200 77 "-" "PostmanRuntime/7.43.3"
::1 - - [12/Apr/2025:17:32:46 +0000] "PATCH /api/v1/localmate/toggle-availability HTTP/1.1" 200 76 "-" "PostmanRuntime/7.43.3"
::1 - - [12/Apr/2025:17:36:40 +0000] "PATCH /api/v1/localmate/update-location HTTP/1.1" 200 365 "-" "PostmanRuntime/7.43.3"
::1 - - [12/Apr/2025:17:36:55 +0000] "PATCH /api/v1/localmate/update-location HTTP/1.1" 200 365 "-" "PostmanRuntime/7.43.3"
::1 - - [12/Apr/2025:17:38:02 +0000] "PATCH /api/v1/localmate/update-location HTTP/1.1" 200 432 "-" "PostmanRuntime/7.43.3"
::1 - - [12/Apr/2025:17:38:22 +0000] "PATCH /api/v1/localmate/update-location HTTP/1.1" 200 432 "-" "PostmanRuntime/7.43.3"
::1 - - [12/Apr/2025:17:39:02 +0000] "PATCH /api/v1/localmate/update-location HTTP/1.1" 200 56 "-" "PostmanRuntime/7.43.3"
::1 - - [14/Apr/2025:10:31:06 +0000] "POST /api/v1/users/order HTTP/1.1" 404 21 "-" "PostmanRuntime/7.43.3"
::1 - - [14/Apr/2025:10:31:35 +0000] "POST /api/v1/orders/ HTTP/1.1" 404 21 "-" "PostmanRuntime/7.43.3"
::1 - - [14/Apr/2025:10:32:21 +0000] "POST /api/v1/orders/order HTTP/1.1" 404 21 "-" "PostmanRuntime/7.43.3"
::1 - - [14/Apr/2025:10:32:28 +0000] "POST /api/v1/orders/ HTTP/1.1" 400 68 "-" "PostmanRuntime/7.43.3"
::1 - - [14/Apr/2025:10:33:11 +0000] "POST /api/v1/orders/ HTTP/1.1" 400 68 "-" "PostmanRuntime/7.43.3"
::1 - - [14/Apr/2025:10:33:45 +0000] "POST /api/v1/orders/ HTTP/1.1" 400 158 "-" "PostmanRuntime/7.43.3"
::1 - - [14/Apr/2025:10:36:33 +0000] "POST /api/v1/orders/ HTTP/1.1" 400 64 "-" "PostmanRuntime/7.43.3"
::1 - - [14/Apr/2025:10:36:57 +0000] "POST /api/v1/orders/ HTTP/1.1" 201 86 "-" "PostmanRuntime/7.43.3"
::1 - - [14/Apr/2025:10:38:14 +0000] "POST /api/v1/orders/ HTTP/1.1" 201 86 "-" "PostmanRuntime/7.43.3"
::1 - - [14/Apr/2025:10:39:52 +0000] "POST /api/v1/orders/ HTTP/1.1" 201 86 "-" "PostmanRuntime/7.43.3"
::1 - - [14/Apr/2025:10:54:07 +0000] "POST /api/v1/orders/ HTTP/1.1" 201 86 "-" "PostmanRuntime/7.43.3"
::1 - - [14/Apr/2025:10:55:20 +0000] "POST /api/v1/orders/ HTTP/1.1" 201 86 "-" "PostmanRuntime/7.43.3"
::1 - - [14/Apr/2025:11:00:17 +0000] "POST /api/v1/orders/ HTTP/1.1" 201 86 "-" "PostmanRuntime/7.43.3"
::1 - - [14/Apr/2025:11:05:58 +0000] "POST /api/v1/orders/ HTTP/1.1" 201 86 "-" "PostmanRuntime/7.43.3"
::1 - - [14/Apr/2025:11:06:15 +0000] "POST /api/v1/orders/ HTTP/1.1" 201 86 "-" "PostmanRuntime/7.43.3"
::1 - - [14/Apr/2025:11:08:05 +0000] "POST /api/v1/orders/ HTTP/1.1" 201 86 "-" "PostmanRuntime/7.43.3"
::1 - - [14/Apr/2025:11:08:38 +0000] "POST /api/v1/orders/ HTTP/1.1" 201 86 "-" "PostmanRuntime/7.43.3"
::1 - - [14/Apr/2025:11:09:19 +0000] "POST /api/v1/orders/ HTTP/1.1" 201 86 "-" "PostmanRuntime/7.43.3"
::1 - - [14/Apr/2025:11:10:07 +0000] "POST /api/v1/orders/ HTTP/1.1" 201 86 "-" "PostmanRuntime/7.43.3"
::1 - - [14/Apr/2025:11:10:38 +0000] "POST /api/v1/orders/ HTTP/1.1" 201 86 "-" "PostmanRuntime/7.43.3"
::1 - - [14/Apr/2025:11:18:37 +0000] "POST /api/v1/orders/ HTTP/1.1" 201 86 "-" "PostmanRuntime/7.43.3"
::1 - - [14/Apr/2025:11:23:01 +0000] "POST /api/v1/orders/ HTTP/1.1" 201 86 "-" "PostmanRuntime/7.43.3"
::1 - - [14/Apr/2025:11:26:38 +0000] "POST /api/v1/orders/ HTTP/1.1" 201 86 "-" "PostmanRuntime/7.43.3"
